<?xml version="1.0" encoding="utf-8"?>
<coverage line-rate="0.8689" branch-rate="0.5206000000000001" version="1.9" timestamp="1648630208" lines-covered="975"
          lines-valid="1122" branches-covered="189" branches-valid="363">
    <sources>
        <source>/home/federico/src/ca-assessment/</source>
    </sources>
    <packages>
        <package name="CA.Assessment.Infrastructure" line-rate="0.8955" branch-rate="0.5337" complexity="173">
            <classes>
                <class name="CA.Assessment.Infrastructure.Rows.BlogPostRow"
                       filename="CA.Assessment.Infrastructure/Rows/BlogPostRow.cs" line-rate="1" branch-rate="1"
                       complexity="6">
                    <methods>
                        <method name="get_Id" signature="()" line-rate="1" branch-rate="1" complexity="1">
                            <lines>
                                <line number="5" hits="28" branch="False"/>
                            </lines>
                        </method>
                        <method name="get_Author" signature="()" line-rate="1" branch-rate="1" complexity="1">
                            <lines>
                                <line number="7" hits="28" branch="False"/>
                            </lines>
                        </method>
                        <method name="get_Title" signature="()" line-rate="1" branch-rate="1" complexity="1">
                            <lines>
                                <line number="9" hits="28" branch="False"/>
                            </lines>
                        </method>
                        <method name="get_Content" signature="()" line-rate="1" branch-rate="1" complexity="1">
                            <lines>
                                <line number="11" hits="28" branch="False"/>
                            </lines>
                        </method>
                        <method name="get_ImageId" signature="()" line-rate="1" branch-rate="1" complexity="1">
                            <lines>
                                <line number="13" hits="28" branch="False"/>
                            </lines>
                        </method>
                        <method name="get_CategoryId" signature="()" line-rate="1" branch-rate="1" complexity="1">
                            <lines>
                                <line number="15" hits="28" branch="False"/>
                            </lines>
                        </method>
                    </methods>
                    <lines>
                        <line number="5" hits="28" branch="False"/>
                        <line number="7" hits="28" branch="False"/>
                        <line number="9" hits="28" branch="False"/>
                        <line number="11" hits="28" branch="False"/>
                        <line number="13" hits="28" branch="False"/>
                        <line number="15" hits="28" branch="False"/>
                    </lines>
                </class>
                <class name="CA.Assessment.Infrastructure.Rows.BlogPostSummaryRow"
                       filename="CA.Assessment.Infrastructure/Rows/BlogPostSummaryRow.cs" line-rate="1" branch-rate="1"
                       complexity="2">
                    <methods>
                        <method name="get_Id" signature="()" line-rate="1" branch-rate="1" complexity="1">
                            <lines>
                                <line number="5" hits="2" branch="False"/>
                            </lines>
                        </method>
                        <method name="get_Title" signature="()" line-rate="1" branch-rate="1" complexity="1">
                            <lines>
                                <line number="7" hits="2" branch="False"/>
                            </lines>
                        </method>
                    </methods>
                    <lines>
                        <line number="5" hits="2" branch="False"/>
                        <line number="7" hits="2" branch="False"/>
                    </lines>
                </class>
                <class name="CA.Assessment.Infrastructure.Rows.BlogPostToTagRow"
                       filename="CA.Assessment.Infrastructure/Rows/BlogPostToTagRow.cs" line-rate="1" branch-rate="1"
                       complexity="2">
                    <methods>
                        <method name="get_BlogPostId" signature="()" line-rate="1" branch-rate="1" complexity="1">
                            <lines>
                                <line number="5" hits="31" branch="False"/>
                            </lines>
                        </method>
                        <method name="get_TagId" signature="()" line-rate="1" branch-rate="1" complexity="1">
                            <lines>
                                <line number="7" hits="62" branch="False"/>
                            </lines>
                        </method>
                    </methods>
                    <lines>
                        <line number="5" hits="31" branch="False"/>
                        <line number="7" hits="62" branch="False"/>
                    </lines>
                </class>
                <class name="CA.Assessment.Infrastructure.Rows.CategoryRow"
                       filename="CA.Assessment.Infrastructure/Rows/CategoryRow.cs" line-rate="1" branch-rate="1"
                       complexity="2">
                    <methods>
                        <method name="get_Id" signature="()" line-rate="1" branch-rate="1" complexity="1">
                            <lines>
                                <line number="5" hits="20" branch="False"/>
                            </lines>
                        </method>
                        <method name="get_Name" signature="()" line-rate="1" branch-rate="1" complexity="1">
                            <lines>
                                <line number="7" hits="20" branch="False"/>
                            </lines>
                        </method>
                    </methods>
                    <lines>
                        <line number="5" hits="20" branch="False"/>
                        <line number="7" hits="20" branch="False"/>
                    </lines>
                </class>
                <class name="CA.Assessment.Infrastructure.Rows.ImageRow"
                       filename="CA.Assessment.Infrastructure/Rows/ImageRow.cs" line-rate="1" branch-rate="1"
                       complexity="3">
                    <methods>
                        <method name="get_Id" signature="()" line-rate="1" branch-rate="1" complexity="1">
                            <lines>
                                <line number="5" hits="2" branch="False"/>
                            </lines>
                        </method>
                        <method name="get_Mime" signature="()" line-rate="1" branch-rate="1" complexity="1">
                            <lines>
                                <line number="7" hits="2" branch="False"/>
                            </lines>
                        </method>
                        <method name="get_Name" signature="()" line-rate="1" branch-rate="1" complexity="1">
                            <lines>
                                <line number="9" hits="2" branch="False"/>
                            </lines>
                        </method>
                    </methods>
                    <lines>
                        <line number="5" hits="2" branch="False"/>
                        <line number="7" hits="2" branch="False"/>
                        <line number="9" hits="2" branch="False"/>
                    </lines>
                </class>
                <class name="CA.Assessment.Infrastructure.Rows.TagRow"
                       filename="CA.Assessment.Infrastructure/Rows/TagRow.cs" line-rate="1" branch-rate="1"
                       complexity="2">
                    <methods>
                        <method name="get_Id" signature="()" line-rate="1" branch-rate="1" complexity="1">
                            <lines>
                                <line number="5" hits="48" branch="False"/>
                            </lines>
                        </method>
                        <method name="get_Name" signature="()" line-rate="1" branch-rate="1" complexity="1">
                            <lines>
                                <line number="7" hits="48" branch="False"/>
                            </lines>
                        </method>
                    </methods>
                    <lines>
                        <line number="5" hits="48" branch="False"/>
                        <line number="7" hits="48" branch="False"/>
                    </lines>
                </class>
                <class name="CA.Assessment.Infrastructure.Repositories.SQLiteBlogPostRepository"
                       filename="CA.Assessment.Infrastructure/Repositories/SQLiteBlogPostRepository.cs" line-rate="1"
                       branch-rate="0.5" complexity="6">
                    <methods>
                        <method name=".ctor"
                                signature="(CA.Assessment.Store.IDatabaseSession,CA.Assessment.Infrastructure.Mappers.BlogPostRowsMapper,CA.Assessment.Infrastructure.Mappers.BlogPostSummaryRowMapper)"
                                line-rate="1" branch-rate="0.5" complexity="6">
                            <lines>
                                <line number="17" hits="12" branch="False"/>
                                <line number="18" hits="12" branch="False"/>
                                <line number="19" hits="12" branch="False"/>
                                <line number="20" hits="12" branch="False"/>
                                <line number="21" hits="12" branch="False"/>
                                <line number="22" hits="12" branch="True" condition-coverage="50% (1/2)">
                                    <conditions>
                                        <condition number="11" type="jump" coverage="50%"/>
                                    </conditions>
                                </line>
                                <line number="23" hits="12" branch="True" condition-coverage="50% (1/2)">
                                    <conditions>
                                        <condition number="33" type="jump" coverage="50%"/>
                                    </conditions>
                                </line>
                                <line number="24" hits="12" branch="True" condition-coverage="50% (1/2)">
                                    <conditions>
                                        <condition number="55" type="jump" coverage="50%"/>
                                    </conditions>
                                </line>
                                <line number="25" hits="12" branch="False"/>
                                <line number="26" hits="12" branch="False"/>
                            </lines>
                        </method>
                    </methods>
                    <lines>
                        <line number="17" hits="12" branch="False"/>
                        <line number="18" hits="12" branch="False"/>
                        <line number="19" hits="12" branch="False"/>
                        <line number="20" hits="12" branch="False"/>
                        <line number="21" hits="12" branch="False"/>
                        <line number="22" hits="12" branch="True" condition-coverage="50% (1/2)">
                            <conditions>
                                <condition number="11" type="jump" coverage="50%"/>
                            </conditions>
                        </line>
                        <line number="23" hits="12" branch="True" condition-coverage="50% (1/2)">
                            <conditions>
                                <condition number="33" type="jump" coverage="50%"/>
                            </conditions>
                        </line>
                        <line number="24" hits="12" branch="True" condition-coverage="50% (1/2)">
                            <conditions>
                                <condition number="55" type="jump" coverage="50%"/>
                            </conditions>
                        </line>
                        <line number="25" hits="12" branch="False"/>
                        <line number="26" hits="12" branch="False"/>
                    </lines>
                </class>
                <class name="CA.Assessment.Infrastructure.Repositories.SQLiteBlogPostRepository/&lt;&gt;c"
                       filename="CA.Assessment.Infrastructure/Repositories/SQLiteBlogPostRepository.cs" line-rate="1"
                       branch-rate="1" complexity="1">
                    <methods>
                        <method name="&lt;SearchAsync&gt;b__8_0" signature="(System.String)" line-rate="1"
                                branch-rate="1" complexity="1">
                            <lines>
                                <line number="212" hits="1" branch="False"/>
                            </lines>
                        </method>
                    </methods>
                    <lines>
                        <line number="212" hits="1" branch="False"/>
                    </lines>
                </class>
                <class name="CA.Assessment.Infrastructure.Repositories.SQLiteBlogPostRepository/&lt;&gt;c__DisplayClass10_0"
                       filename="CA.Assessment.Infrastructure/Repositories/SQLiteBlogPostRepository.cs" line-rate="1"
                       branch-rate="1" complexity="1">
                    <methods>
                        <method name="&lt;SaveTagsToBlogPostAsync&gt;b__0" signature="(System.Guid)" line-rate="1"
                                branch-rate="1" complexity="1">
                            <lines>
                                <line number="267" hits="23" branch="False"/>
                            </lines>
                        </method>
                    </methods>
                    <lines>
                        <line number="267" hits="23" branch="False"/>
                    </lines>
                </class>
                <class name="CA.Assessment.Infrastructure.Repositories.SQLiteBlogPostRepository/&lt;DeleteAsync&gt;d__6"
                       filename="CA.Assessment.Infrastructure/Repositories/SQLiteBlogPostRepository.cs"
                       line-rate="0.8665999999999999" branch-rate="0.5" complexity="4">
                    <methods>
                        <method name="MoveNext" signature="()" line-rate="0.8665999999999999" branch-rate="0.5"
                                complexity="4">
                            <lines>
                                <line number="104" hits="1" branch="False"/>
                                <line number="105" hits="1" branch="True" condition-coverage="50% (1/2)">
                                    <conditions>
                                        <condition number="50" type="jump" coverage="50%"/>
                                    </conditions>
                                </line>
                                <line number="106" hits="0" branch="False"/>
                                <line number="107" hits="0" branch="False"/>
                                <line number="109" hits="1" branch="True" condition-coverage="50% (1/2)">
                                    <conditions>
                                        <condition number="84" type="jump" coverage="50%"/>
                                    </conditions>
                                </line>
                                <line number="110" hits="0" branch="False"/>
                                <line number="111" hits="0" branch="False"/>
                                <line number="113" hits="1" branch="False"/>
                                <line number="114" hits="1" branch="False"/>
                                <line number="115" hits="1" branch="False"/>
                                <line number="116" hits="1" branch="False"/>
                                <line number="118" hits="1" branch="False"/>
                                <line number="119" hits="1" branch="False"/>
                                <line number="120" hits="1" branch="False"/>
                                <line number="121" hits="1" branch="False"/>
                                <line number="123" hits="1" branch="False"/>
                                <line number="124" hits="1" branch="False"/>
                                <line number="125" hits="1" branch="False"/>
                                <line number="126" hits="1" branch="False"/>
                                <line number="128" hits="1" branch="False"/>
                                <line number="129" hits="1" branch="False"/>
                                <line number="130" hits="1" branch="False"/>
                                <line number="131" hits="1" branch="False"/>
                                <line number="133" hits="1" branch="False"/>
                                <line number="134" hits="1" branch="False"/>
                                <line number="135" hits="1" branch="False"/>
                                <line number="137" hits="1" branch="False"/>
                                <line number="138" hits="1" branch="False"/>
                                <line number="139" hits="1" branch="False"/>
                                <line number="140" hits="1" branch="False"/>
                            </lines>
                        </method>
                    </methods>
                    <lines>
                        <line number="104" hits="1" branch="False"/>
                        <line number="105" hits="1" branch="True" condition-coverage="50% (1/2)">
                            <conditions>
                                <condition number="50" type="jump" coverage="50%"/>
                            </conditions>
                        </line>
                        <line number="106" hits="0" branch="False"/>
                        <line number="107" hits="0" branch="False"/>
                        <line number="109" hits="1" branch="True" condition-coverage="50% (1/2)">
                            <conditions>
                                <condition number="84" type="jump" coverage="50%"/>
                            </conditions>
                        </line>
                        <line number="110" hits="0" branch="False"/>
                        <line number="111" hits="0" branch="False"/>
                        <line number="113" hits="1" branch="False"/>
                        <line number="114" hits="1" branch="False"/>
                        <line number="115" hits="1" branch="False"/>
                        <line number="116" hits="1" branch="False"/>
                        <line number="118" hits="1" branch="False"/>
                        <line number="119" hits="1" branch="False"/>
                        <line number="120" hits="1" branch="False"/>
                        <line number="121" hits="1" branch="False"/>
                        <line number="123" hits="1" branch="False"/>
                        <line number="124" hits="1" branch="False"/>
                        <line number="125" hits="1" branch="False"/>
                        <line number="126" hits="1" branch="False"/>
                        <line number="128" hits="1" branch="False"/>
                        <line number="129" hits="1" branch="False"/>
                        <line number="130" hits="1" branch="False"/>
                        <line number="131" hits="1" branch="False"/>
                        <line number="133" hits="1" branch="False"/>
                        <line number="134" hits="1" branch="False"/>
                        <line number="135" hits="1" branch="False"/>
                        <line number="137" hits="1" branch="False"/>
                        <line number="138" hits="1" branch="False"/>
                        <line number="139" hits="1" branch="False"/>
                        <line number="140" hits="1" branch="False"/>
                    </lines>
                </class>
                <class name="CA.Assessment.Infrastructure.Repositories.SQLiteBlogPostRepository/&lt;DeleteTagsFromBlogPostAsync&gt;d__9"
                       filename="CA.Assessment.Infrastructure/Repositories/SQLiteBlogPostRepository.cs" line-rate="0.8"
                       branch-rate="0.5" complexity="6">
                    <methods>
                        <method name="MoveNext" signature="()" line-rate="0.8" branch-rate="0.5" complexity="6">
                            <lines>
                                <line number="223" hits="2" branch="False"/>
                                <line number="224" hits="2" branch="True" condition-coverage="50% (1/2)">
                                    <conditions>
                                        <condition number="29" type="jump" coverage="50%"/>
                                    </conditions>
                                </line>
                                <line number="226" hits="2" branch="True" condition-coverage="50% (1/2)">
                                    <conditions>
                                        <condition number="63" type="jump" coverage="50%"/>
                                    </conditions>
                                </line>
                                <line number="227" hits="0" branch="False"/>
                                <line number="228" hits="0" branch="False"/>
                                <line number="230" hits="2" branch="True" condition-coverage="50% (1/2)">
                                    <conditions>
                                        <condition number="97" type="jump" coverage="50%"/>
                                    </conditions>
                                </line>
                                <line number="231" hits="0" branch="False"/>
                                <line number="232" hits="0" branch="False"/>
                                <line number="234" hits="2" branch="False"/>
                                <line number="235" hits="2" branch="False"/>
                                <line number="236" hits="2" branch="False"/>
                                <line number="237" hits="2" branch="False"/>
                                <line number="239" hits="2" branch="False"/>
                                <line number="240" hits="2" branch="False"/>
                                <line number="241" hits="2" branch="False"/>
                                <line number="242" hits="2" branch="False"/>
                                <line number="244" hits="2" branch="False"/>
                                <line number="245" hits="2" branch="False"/>
                                <line number="246" hits="2" branch="False"/>
                                <line number="247" hits="2" branch="False"/>
                            </lines>
                        </method>
                    </methods>
                    <lines>
                        <line number="223" hits="2" branch="False"/>
                        <line number="224" hits="2" branch="True" condition-coverage="50% (1/2)">
                            <conditions>
                                <condition number="29" type="jump" coverage="50%"/>
                            </conditions>
                        </line>
                        <line number="226" hits="2" branch="True" condition-coverage="50% (1/2)">
                            <conditions>
                                <condition number="63" type="jump" coverage="50%"/>
                            </conditions>
                        </line>
                        <line number="227" hits="0" branch="False"/>
                        <line number="228" hits="0" branch="False"/>
                        <line number="230" hits="2" branch="True" condition-coverage="50% (1/2)">
                            <conditions>
                                <condition number="97" type="jump" coverage="50%"/>
                            </conditions>
                        </line>
                        <line number="231" hits="0" branch="False"/>
                        <line number="232" hits="0" branch="False"/>
                        <line number="234" hits="2" branch="False"/>
                        <line number="235" hits="2" branch="False"/>
                        <line number="236" hits="2" branch="False"/>
                        <line number="237" hits="2" branch="False"/>
                        <line number="239" hits="2" branch="False"/>
                        <line number="240" hits="2" branch="False"/>
                        <line number="241" hits="2" branch="False"/>
                        <line number="242" hits="2" branch="False"/>
                        <line number="244" hits="2" branch="False"/>
                        <line number="245" hits="2" branch="False"/>
                        <line number="246" hits="2" branch="False"/>
                        <line number="247" hits="2" branch="False"/>
                    </lines>
                </class>
                <class name="CA.Assessment.Infrastructure.Repositories.SQLiteBlogPostRepository/&lt;GetAsync&gt;d__5"
                       filename="CA.Assessment.Infrastructure/Repositories/SQLiteBlogPostRepository.cs"
                       line-rate="0.9354" branch-rate="0.75" complexity="4">
                    <methods>
                        <method name="MoveNext" signature="()" line-rate="0.9354" branch-rate="0.75" complexity="4">
                            <lines>
                                <line number="63" hits="15" branch="False"/>
                                <line number="64" hits="15" branch="True" condition-coverage="50% (1/2)">
                                    <conditions>
                                        <condition number="39" type="jump" coverage="50%"/>
                                    </conditions>
                                </line>
                                <line number="65" hits="0" branch="False"/>
                                <line number="66" hits="0" branch="False"/>
                                <line number="68" hits="15" branch="False"/>
                                <line number="69" hits="15" branch="False"/>
                                <line number="70" hits="15" branch="False"/>
                                <line number="71" hits="15" branch="False"/>
                                <line number="72" hits="15" branch="False"/>
                                <line number="74" hits="15" branch="False"/>
                                <line number="75" hits="15" branch="False"/>
                                <line number="76" hits="15" branch="False"/>
                                <line number="77" hits="15" branch="False"/>
                                <line number="79" hits="15" branch="False"/>
                                <line number="80" hits="15" branch="False"/>
                                <line number="81" hits="15" branch="False"/>
                                <line number="83" hits="16" branch="True" condition-coverage="100% (2/2)">
                                    <conditions>
                                        <condition number="288" type="jump" coverage="100%"/>
                                    </conditions>
                                </line>
                                <line number="85" hits="14" branch="False"/>
                                <line number="86" hits="14" branch="False"/>
                                <line number="87" hits="14" branch="False"/>
                                <line number="88" hits="14" branch="False"/>
                                <line number="89" hits="14" branch="False"/>
                                <line number="91" hits="14" branch="False"/>
                                <line number="92" hits="14" branch="False"/>
                                <line number="93" hits="14" branch="False"/>
                                <line number="94" hits="14" branch="False"/>
                                <line number="96" hits="14" branch="False"/>
                                <line number="97" hits="14" branch="False"/>
                                <line number="98" hits="14" branch="False"/>
                                <line number="100" hits="14" branch="False"/>
                                <line number="101" hits="15" branch="False"/>
                            </lines>
                        </method>
                    </methods>
                    <lines>
                        <line number="63" hits="15" branch="False"/>
                        <line number="64" hits="15" branch="True" condition-coverage="50% (1/2)">
                            <conditions>
                                <condition number="39" type="jump" coverage="50%"/>
                            </conditions>
                        </line>
                        <line number="65" hits="0" branch="False"/>
                        <line number="66" hits="0" branch="False"/>
                        <line number="68" hits="15" branch="False"/>
                        <line number="69" hits="15" branch="False"/>
                        <line number="70" hits="15" branch="False"/>
                        <line number="71" hits="15" branch="False"/>
                        <line number="72" hits="15" branch="False"/>
                        <line number="74" hits="15" branch="False"/>
                        <line number="75" hits="15" branch="False"/>
                        <line number="76" hits="15" branch="False"/>
                        <line number="77" hits="15" branch="False"/>
                        <line number="79" hits="15" branch="False"/>
                        <line number="80" hits="15" branch="False"/>
                        <line number="81" hits="15" branch="False"/>
                        <line number="83" hits="16" branch="True" condition-coverage="100% (2/2)">
                            <conditions>
                                <condition number="288" type="jump" coverage="100%"/>
                            </conditions>
                        </line>
                        <line number="85" hits="14" branch="False"/>
                        <line number="86" hits="14" branch="False"/>
                        <line number="87" hits="14" branch="False"/>
                        <line number="88" hits="14" branch="False"/>
                        <line number="89" hits="14" branch="False"/>
                        <line number="91" hits="14" branch="False"/>
                        <line number="92" hits="14" branch="False"/>
                        <line number="93" hits="14" branch="False"/>
                        <line number="94" hits="14" branch="False"/>
                        <line number="96" hits="14" branch="False"/>
                        <line number="97" hits="14" branch="False"/>
                        <line number="98" hits="14" branch="False"/>
                        <line number="100" hits="14" branch="False"/>
                        <line number="101" hits="15" branch="False"/>
                    </lines>
                </class>
                <class name="CA.Assessment.Infrastructure.Repositories.SQLiteBlogPostRepository/&lt;SaveAsync&gt;d__4"
                       filename="CA.Assessment.Infrastructure/Repositories/SQLiteBlogPostRepository.cs"
                       line-rate="0.8461" branch-rate="0.5" complexity="6">
                    <methods>
                        <method name="MoveNext" signature="()" line-rate="0.8461" branch-rate="0.5" complexity="6">
                            <lines>
                                <line number="29" hits="10" branch="False"/>
                                <line number="30" hits="10" branch="True" condition-coverage="50% (1/2)">
                                    <conditions>
                                        <condition number="40" type="jump" coverage="50%"/>
                                    </conditions>
                                </line>
                                <line number="32" hits="10" branch="True" condition-coverage="50% (1/2)">
                                    <conditions>
                                        <condition number="74" type="jump" coverage="50%"/>
                                    </conditions>
                                </line>
                                <line number="33" hits="0" branch="False"/>
                                <line number="34" hits="0" branch="False"/>
                                <line number="36" hits="10" branch="True" condition-coverage="50% (1/2)">
                                    <conditions>
                                        <condition number="108" type="jump" coverage="50%"/>
                                    </conditions>
                                </line>
                                <line number="37" hits="0" branch="False"/>
                                <line number="38" hits="0" branch="False"/>
                                <line number="40" hits="10" branch="False"/>
                                <line number="41" hits="10" branch="False"/>
                                <line number="42" hits="10" branch="False"/>
                                <line number="43" hits="10" branch="False"/>
                                <line number="45" hits="10" branch="False"/>
                                <line number="46" hits="10" branch="False"/>
                                <line number="47" hits="10" branch="False"/>
                                <line number="48" hits="10" branch="False"/>
                                <line number="49" hits="10" branch="False"/>
                                <line number="50" hits="10" branch="False"/>
                                <line number="51" hits="10" branch="False"/>
                                <line number="52" hits="10" branch="False"/>
                                <line number="53" hits="10" branch="False"/>
                                <line number="55" hits="10" branch="False"/>
                                <line number="56" hits="10" branch="False"/>
                                <line number="57" hits="10" branch="False"/>
                                <line number="59" hits="10" branch="False"/>
                                <line number="60" hits="10" branch="False"/>
                            </lines>
                        </method>
                    </methods>
                    <lines>
                        <line number="29" hits="10" branch="False"/>
                        <line number="30" hits="10" branch="True" condition-coverage="50% (1/2)">
                            <conditions>
                                <condition number="40" type="jump" coverage="50%"/>
                            </conditions>
                        </line>
                        <line number="32" hits="10" branch="True" condition-coverage="50% (1/2)">
                            <conditions>
                                <condition number="74" type="jump" coverage="50%"/>
                            </conditions>
                        </line>
                        <line number="33" hits="0" branch="False"/>
                        <line number="34" hits="0" branch="False"/>
                        <line number="36" hits="10" branch="True" condition-coverage="50% (1/2)">
                            <conditions>
                                <condition number="108" type="jump" coverage="50%"/>
                            </conditions>
                        </line>
                        <line number="37" hits="0" branch="False"/>
                        <line number="38" hits="0" branch="False"/>
                        <line number="40" hits="10" branch="False"/>
                        <line number="41" hits="10" branch="False"/>
                        <line number="42" hits="10" branch="False"/>
                        <line number="43" hits="10" branch="False"/>
                        <line number="45" hits="10" branch="False"/>
                        <line number="46" hits="10" branch="False"/>
                        <line number="47" hits="10" branch="False"/>
                        <line number="48" hits="10" branch="False"/>
                        <line number="49" hits="10" branch="False"/>
                        <line number="50" hits="10" branch="False"/>
                        <line number="51" hits="10" branch="False"/>
                        <line number="52" hits="10" branch="False"/>
                        <line number="53" hits="10" branch="False"/>
                        <line number="55" hits="10" branch="False"/>
                        <line number="56" hits="10" branch="False"/>
                        <line number="57" hits="10" branch="False"/>
                        <line number="59" hits="10" branch="False"/>
                        <line number="60" hits="10" branch="False"/>
                    </lines>
                </class>
                <class name="CA.Assessment.Infrastructure.Repositories.SQLiteBlogPostRepository/&lt;SaveTagsToBlogPostAsync&gt;d__10"
                       filename="CA.Assessment.Infrastructure/Repositories/SQLiteBlogPostRepository.cs"
                       line-rate="0.7777" branch-rate="0.5" complexity="6">
                    <methods>
                        <method name="MoveNext" signature="()" line-rate="0.7777" branch-rate="0.5" complexity="6">
                            <lines>
                                <line number="250" hits="12" branch="False"/>
                                <line number="251" hits="12" branch="True" condition-coverage="50% (1/2)">
                                    <conditions>
                                        <condition number="62" type="jump" coverage="50%"/>
                                    </conditions>
                                </line>
                                <line number="253" hits="12" branch="True" condition-coverage="50% (1/2)">
                                    <conditions>
                                        <condition number="96" type="jump" coverage="50%"/>
                                    </conditions>
                                </line>
                                <line number="254" hits="0" branch="False"/>
                                <line number="255" hits="0" branch="False"/>
                                <line number="257" hits="12" branch="True" condition-coverage="50% (1/2)">
                                    <conditions>
                                        <condition number="130" type="jump" coverage="50%"/>
                                    </conditions>
                                </line>
                                <line number="258" hits="0" branch="False"/>
                                <line number="259" hits="0" branch="False"/>
                                <line number="261" hits="12" branch="False"/>
                                <line number="262" hits="12" branch="False"/>
                                <line number="263" hits="12" branch="False"/>
                                <line number="264" hits="12" branch="False"/>
                                <line number="266" hits="12" branch="False"/>
                                <line number="268" hits="12" branch="False"/>
                                <line number="270" hits="12" branch="False"/>
                                <line number="271" hits="12" branch="False"/>
                                <line number="272" hits="12" branch="False"/>
                                <line number="273" hits="12" branch="False"/>
                            </lines>
                        </method>
                    </methods>
                    <lines>
                        <line number="250" hits="12" branch="False"/>
                        <line number="251" hits="12" branch="True" condition-coverage="50% (1/2)">
                            <conditions>
                                <condition number="62" type="jump" coverage="50%"/>
                            </conditions>
                        </line>
                        <line number="253" hits="12" branch="True" condition-coverage="50% (1/2)">
                            <conditions>
                                <condition number="96" type="jump" coverage="50%"/>
                            </conditions>
                        </line>
                        <line number="254" hits="0" branch="False"/>
                        <line number="255" hits="0" branch="False"/>
                        <line number="257" hits="12" branch="True" condition-coverage="50% (1/2)">
                            <conditions>
                                <condition number="130" type="jump" coverage="50%"/>
                            </conditions>
                        </line>
                        <line number="258" hits="0" branch="False"/>
                        <line number="259" hits="0" branch="False"/>
                        <line number="261" hits="12" branch="False"/>
                        <line number="262" hits="12" branch="False"/>
                        <line number="263" hits="12" branch="False"/>
                        <line number="264" hits="12" branch="False"/>
                        <line number="266" hits="12" branch="False"/>
                        <line number="268" hits="12" branch="False"/>
                        <line number="270" hits="12" branch="False"/>
                        <line number="271" hits="12" branch="False"/>
                        <line number="272" hits="12" branch="False"/>
                        <line number="273" hits="12" branch="False"/>
                    </lines>
                </class>
                <class name="CA.Assessment.Infrastructure.Repositories.SQLiteBlogPostRepository/&lt;SearchAsync&gt;d__8"
                       filename="CA.Assessment.Infrastructure/Repositories/SQLiteBlogPostRepository.cs"
                       line-rate="0.9393" branch-rate="0.5" complexity="8">
                    <methods>
                        <method name="MoveNext" signature="()" line-rate="0.9393" branch-rate="0.5" complexity="8">
                            <lines>
                                <line number="183" hits="1" branch="False"/>
                                <line number="184" hits="1" branch="True" condition-coverage="50% (1/2)">
                                    <conditions>
                                        <condition number="39" type="jump" coverage="50%"/>
                                    </conditions>
                                </line>
                                <line number="185" hits="0" branch="False"/>
                                <line number="186" hits="0" branch="False"/>
                                <line number="188" hits="1" branch="False"/>
                                <line number="189" hits="1" branch="False"/>
                                <line number="190" hits="1" branch="False"/>
                                <line number="191" hits="1" branch="False"/>
                                <line number="192" hits="1" branch="False"/>
                                <line number="193" hits="1" branch="False"/>
                                <line number="194" hits="1" branch="False"/>
                                <line number="195" hits="1" branch="False"/>
                                <line number="196" hits="1" branch="False"/>
                                <line number="197" hits="1" branch="False"/>
                                <line number="198" hits="1" branch="False"/>
                                <line number="199" hits="1" branch="False"/>
                                <line number="200" hits="1" branch="False"/>
                                <line number="201" hits="1" branch="False"/>
                                <line number="202" hits="1" branch="False"/>
                                <line number="203" hits="1" branch="False"/>
                                <line number="204" hits="1" branch="False"/>
                                <line number="205" hits="1" branch="False"/>
                                <line number="206" hits="1" branch="False"/>
                                <line number="208" hits="1" branch="True" condition-coverage="50% (3/6)">
                                    <conditions>
                                        <condition number="70" type="jump" coverage="50%"/>
                                        <condition number="102" type="jump" coverage="50%"/>
                                        <condition number="135" type="jump" coverage="50%"/>
                                    </conditions>
                                </line>
                                <line number="209" hits="1" branch="False"/>
                                <line number="210" hits="1" branch="False"/>
                                <line number="211" hits="1" branch="False"/>
                                <line number="213" hits="1" branch="False"/>
                                <line number="215" hits="1" branch="False"/>
                                <line number="216" hits="1" branch="False"/>
                                <line number="217" hits="1" branch="False"/>
                                <line number="219" hits="1" branch="False"/>
                                <line number="220" hits="1" branch="False"/>
                            </lines>
                        </method>
                    </methods>
                    <lines>
                        <line number="183" hits="1" branch="False"/>
                        <line number="184" hits="1" branch="True" condition-coverage="50% (1/2)">
                            <conditions>
                                <condition number="39" type="jump" coverage="50%"/>
                            </conditions>
                        </line>
                        <line number="185" hits="0" branch="False"/>
                        <line number="186" hits="0" branch="False"/>
                        <line number="188" hits="1" branch="False"/>
                        <line number="189" hits="1" branch="False"/>
                        <line number="190" hits="1" branch="False"/>
                        <line number="191" hits="1" branch="False"/>
                        <line number="192" hits="1" branch="False"/>
                        <line number="193" hits="1" branch="False"/>
                        <line number="194" hits="1" branch="False"/>
                        <line number="195" hits="1" branch="False"/>
                        <line number="196" hits="1" branch="False"/>
                        <line number="197" hits="1" branch="False"/>
                        <line number="198" hits="1" branch="False"/>
                        <line number="199" hits="1" branch="False"/>
                        <line number="200" hits="1" branch="False"/>
                        <line number="201" hits="1" branch="False"/>
                        <line number="202" hits="1" branch="False"/>
                        <line number="203" hits="1" branch="False"/>
                        <line number="204" hits="1" branch="False"/>
                        <line number="205" hits="1" branch="False"/>
                        <line number="206" hits="1" branch="False"/>
                        <line number="208" hits="1" branch="True" condition-coverage="50% (3/6)">
                            <conditions>
                                <condition number="70" type="jump" coverage="50%"/>
                                <condition number="102" type="jump" coverage="50%"/>
                                <condition number="135" type="jump" coverage="50%"/>
                            </conditions>
                        </line>
                        <line number="209" hits="1" branch="False"/>
                        <line number="210" hits="1" branch="False"/>
                        <line number="211" hits="1" branch="False"/>
                        <line number="213" hits="1" branch="False"/>
                        <line number="215" hits="1" branch="False"/>
                        <line number="216" hits="1" branch="False"/>
                        <line number="217" hits="1" branch="False"/>
                        <line number="219" hits="1" branch="False"/>
                        <line number="220" hits="1" branch="False"/>
                    </lines>
                </class>
                <class name="CA.Assessment.Infrastructure.Repositories.SQLiteBlogPostRepository/&lt;UpdateAsync&gt;d__7"
                       filename="CA.Assessment.Infrastructure/Repositories/SQLiteBlogPostRepository.cs"
                       line-rate="0.8571" branch-rate="0.5" complexity="6">
                    <methods>
                        <method name="MoveNext" signature="()" line-rate="0.8571" branch-rate="0.5" complexity="6">
                            <lines>
                                <line number="143" hits="2" branch="False"/>
                                <line number="144" hits="2" branch="True" condition-coverage="50% (1/2)">
                                    <conditions>
                                        <condition number="54" type="jump" coverage="50%"/>
                                    </conditions>
                                </line>
                                <line number="146" hits="2" branch="True" condition-coverage="50% (1/2)">
                                    <conditions>
                                        <condition number="88" type="jump" coverage="50%"/>
                                    </conditions>
                                </line>
                                <line number="147" hits="0" branch="False"/>
                                <line number="148" hits="0" branch="False"/>
                                <line number="150" hits="2" branch="True" condition-coverage="50% (1/2)">
                                    <conditions>
                                        <condition number="122" type="jump" coverage="50%"/>
                                    </conditions>
                                </line>
                                <line number="151" hits="0" branch="False"/>
                                <line number="152" hits="0" branch="False"/>
                                <line number="155" hits="2" branch="False"/>
                                <line number="156" hits="2" branch="False"/>
                                <line number="158" hits="2" branch="False"/>
                                <line number="159" hits="2" branch="False"/>
                                <line number="160" hits="2" branch="False"/>
                                <line number="161" hits="2" branch="False"/>
                                <line number="162" hits="2" branch="False"/>
                                <line number="164" hits="2" branch="False"/>
                                <line number="165" hits="2" branch="False"/>
                                <line number="166" hits="2" branch="False"/>
                                <line number="167" hits="2" branch="False"/>
                                <line number="168" hits="2" branch="False"/>
                                <line number="169" hits="2" branch="False"/>
                                <line number="170" hits="2" branch="False"/>
                                <line number="171" hits="2" branch="False"/>
                                <line number="172" hits="2" branch="False"/>
                                <line number="174" hits="2" branch="False"/>
                                <line number="175" hits="2" branch="False"/>
                                <line number="176" hits="2" branch="False"/>
                                <line number="177" hits="2" branch="False"/>
                            </lines>
                        </method>
                    </methods>
                    <lines>
                        <line number="143" hits="2" branch="False"/>
                        <line number="144" hits="2" branch="True" condition-coverage="50% (1/2)">
                            <conditions>
                                <condition number="54" type="jump" coverage="50%"/>
                            </conditions>
                        </line>
                        <line number="146" hits="2" branch="True" condition-coverage="50% (1/2)">
                            <conditions>
                                <condition number="88" type="jump" coverage="50%"/>
                            </conditions>
                        </line>
                        <line number="147" hits="0" branch="False"/>
                        <line number="148" hits="0" branch="False"/>
                        <line number="150" hits="2" branch="True" condition-coverage="50% (1/2)">
                            <conditions>
                                <condition number="122" type="jump" coverage="50%"/>
                            </conditions>
                        </line>
                        <line number="151" hits="0" branch="False"/>
                        <line number="152" hits="0" branch="False"/>
                        <line number="155" hits="2" branch="False"/>
                        <line number="156" hits="2" branch="False"/>
                        <line number="158" hits="2" branch="False"/>
                        <line number="159" hits="2" branch="False"/>
                        <line number="160" hits="2" branch="False"/>
                        <line number="161" hits="2" branch="False"/>
                        <line number="162" hits="2" branch="False"/>
                        <line number="164" hits="2" branch="False"/>
                        <line number="165" hits="2" branch="False"/>
                        <line number="166" hits="2" branch="False"/>
                        <line number="167" hits="2" branch="False"/>
                        <line number="168" hits="2" branch="False"/>
                        <line number="169" hits="2" branch="False"/>
                        <line number="170" hits="2" branch="False"/>
                        <line number="171" hits="2" branch="False"/>
                        <line number="172" hits="2" branch="False"/>
                        <line number="174" hits="2" branch="False"/>
                        <line number="175" hits="2" branch="False"/>
                        <line number="176" hits="2" branch="False"/>
                        <line number="177" hits="2" branch="False"/>
                    </lines>
                </class>
                <class name="CA.Assessment.Infrastructure.Repositories.SQLiteCategoriesRepository"
                       filename="CA.Assessment.Infrastructure/Repositories/SQLiteCategoriesRepository.cs" line-rate="1"
                       branch-rate="0.5" complexity="4">
                    <methods>
                        <method name=".ctor"
                                signature="(CA.Assessment.Store.IDatabaseSession,CA.Assessment.Infrastructure.Mappers.CategoryRowsMapper)"
                                line-rate="1" branch-rate="0.5" complexity="4">
                            <lines>
                                <line number="15" hits="16" branch="False"/>
                                <line number="16" hits="16" branch="False"/>
                                <line number="17" hits="16" branch="True" condition-coverage="50% (1/2)">
                                    <conditions>
                                        <condition number="11" type="jump" coverage="50%"/>
                                    </conditions>
                                </line>
                                <line number="18" hits="16" branch="True" condition-coverage="50% (1/2)">
                                    <conditions>
                                        <condition number="33" type="jump" coverage="50%"/>
                                    </conditions>
                                </line>
                                <line number="19" hits="16" branch="False"/>
                            </lines>
                        </method>
                    </methods>
                    <lines>
                        <line number="15" hits="16" branch="False"/>
                        <line number="16" hits="16" branch="False"/>
                        <line number="17" hits="16" branch="True" condition-coverage="50% (1/2)">
                            <conditions>
                                <condition number="11" type="jump" coverage="50%"/>
                            </conditions>
                        </line>
                        <line number="18" hits="16" branch="True" condition-coverage="50% (1/2)">
                            <conditions>
                                <condition number="33" type="jump" coverage="50%"/>
                            </conditions>
                        </line>
                        <line number="19" hits="16" branch="False"/>
                    </lines>
                </class>
                <class name="CA.Assessment.Infrastructure.Repositories.SQLiteCategoriesRepository/&lt;GetAsync&gt;d__5"
                       filename="CA.Assessment.Infrastructure/Repositories/SQLiteCategoriesRepository.cs"
                       line-rate="0.8946999999999999" branch-rate="0.5" complexity="4">
                    <methods>
                        <method name="MoveNext" signature="()" line-rate="0.8946999999999999" branch-rate="0.5"
                                complexity="4">
                            <lines>
                                <line number="78" hits="9" branch="False"/>
                                <line number="79" hits="9" branch="True" condition-coverage="50% (1/2)">
                                    <conditions>
                                        <condition number="39" type="jump" coverage="50%"/>
                                    </conditions>
                                </line>
                                <line number="80" hits="0" branch="False"/>
                                <line number="81" hits="0" branch="False"/>
                                <line number="83" hits="9" branch="False"/>
                                <line number="84" hits="9" branch="False"/>
                                <line number="85" hits="9" branch="False"/>
                                <line number="86" hits="9" branch="False"/>
                                <line number="87" hits="9" branch="False"/>
                                <line number="89" hits="9" branch="False"/>
                                <line number="90" hits="9" branch="False"/>
                                <line number="91" hits="9" branch="False"/>
                                <line number="92" hits="9" branch="False"/>
                                <line number="94" hits="9" branch="False"/>
                                <line number="95" hits="9" branch="False"/>
                                <line number="96" hits="9" branch="False"/>
                                <line number="98" hits="9" branch="True" condition-coverage="50% (1/2)">
                                    <conditions>
                                        <condition number="288" type="jump" coverage="50%"/>
                                    </conditions>
                                </line>
                                <line number="100" hits="9" branch="False"/>
                                <line number="101" hits="9" branch="False"/>
                            </lines>
                        </method>
                    </methods>
                    <lines>
                        <line number="78" hits="9" branch="False"/>
                        <line number="79" hits="9" branch="True" condition-coverage="50% (1/2)">
                            <conditions>
                                <condition number="39" type="jump" coverage="50%"/>
                            </conditions>
                        </line>
                        <line number="80" hits="0" branch="False"/>
                        <line number="81" hits="0" branch="False"/>
                        <line number="83" hits="9" branch="False"/>
                        <line number="84" hits="9" branch="False"/>
                        <line number="85" hits="9" branch="False"/>
                        <line number="86" hits="9" branch="False"/>
                        <line number="87" hits="9" branch="False"/>
                        <line number="89" hits="9" branch="False"/>
                        <line number="90" hits="9" branch="False"/>
                        <line number="91" hits="9" branch="False"/>
                        <line number="92" hits="9" branch="False"/>
                        <line number="94" hits="9" branch="False"/>
                        <line number="95" hits="9" branch="False"/>
                        <line number="96" hits="9" branch="False"/>
                        <line number="98" hits="9" branch="True" condition-coverage="50% (1/2)">
                            <conditions>
                                <condition number="288" type="jump" coverage="50%"/>
                            </conditions>
                        </line>
                        <line number="100" hits="9" branch="False"/>
                        <line number="101" hits="9" branch="False"/>
                    </lines>
                </class>
                <class name="CA.Assessment.Infrastructure.Repositories.SQLiteCategoriesRepository/&lt;GetByNameAsync&gt;d__3"
                       filename="CA.Assessment.Infrastructure/Repositories/SQLiteCategoriesRepository.cs"
                       line-rate="0.9" branch-rate="0.6666" complexity="6">
                    <methods>
                        <method name="MoveNext" signature="()" line-rate="0.9" branch-rate="0.6666" complexity="6">
                            <lines>
                                <line number="22" hits="10" branch="False"/>
                                <line number="23" hits="10" branch="True" condition-coverage="50% (1/2)">
                                    <conditions>
                                        <condition number="29" type="jump" coverage="50%"/>
                                    </conditions>
                                </line>
                                <line number="25" hits="10" branch="True" condition-coverage="50% (1/2)">
                                    <conditions>
                                        <condition number="63" type="jump" coverage="50%"/>
                                    </conditions>
                                </line>
                                <line number="26" hits="0" branch="False"/>
                                <line number="27" hits="0" branch="False"/>
                                <line number="29" hits="10" branch="False"/>
                                <line number="30" hits="10" branch="False"/>
                                <line number="31" hits="10" branch="False"/>
                                <line number="32" hits="10" branch="False"/>
                                <line number="33" hits="10" branch="False"/>
                                <line number="35" hits="10" branch="False"/>
                                <line number="36" hits="10" branch="False"/>
                                <line number="37" hits="10" branch="False"/>
                                <line number="38" hits="10" branch="False"/>
                                <line number="40" hits="10" branch="False"/>
                                <line number="41" hits="10" branch="False"/>
                                <line number="42" hits="10" branch="False"/>
                                <line number="44" hits="19" branch="True" condition-coverage="100% (2/2)">
                                    <conditions>
                                        <condition number="304" type="jump" coverage="100%"/>
                                    </conditions>
                                </line>
                                <line number="46" hits="1" branch="False"/>
                                <line number="47" hits="10" branch="False"/>
                            </lines>
                        </method>
                    </methods>
                    <lines>
                        <line number="22" hits="10" branch="False"/>
                        <line number="23" hits="10" branch="True" condition-coverage="50% (1/2)">
                            <conditions>
                                <condition number="29" type="jump" coverage="50%"/>
                            </conditions>
                        </line>
                        <line number="25" hits="10" branch="True" condition-coverage="50% (1/2)">
                            <conditions>
                                <condition number="63" type="jump" coverage="50%"/>
                            </conditions>
                        </line>
                        <line number="26" hits="0" branch="False"/>
                        <line number="27" hits="0" branch="False"/>
                        <line number="29" hits="10" branch="False"/>
                        <line number="30" hits="10" branch="False"/>
                        <line number="31" hits="10" branch="False"/>
                        <line number="32" hits="10" branch="False"/>
                        <line number="33" hits="10" branch="False"/>
                        <line number="35" hits="10" branch="False"/>
                        <line number="36" hits="10" branch="False"/>
                        <line number="37" hits="10" branch="False"/>
                        <line number="38" hits="10" branch="False"/>
                        <line number="40" hits="10" branch="False"/>
                        <line number="41" hits="10" branch="False"/>
                        <line number="42" hits="10" branch="False"/>
                        <line number="44" hits="19" branch="True" condition-coverage="100% (2/2)">
                            <conditions>
                                <condition number="304" type="jump" coverage="100%"/>
                            </conditions>
                        </line>
                        <line number="46" hits="1" branch="False"/>
                        <line number="47" hits="10" branch="False"/>
                    </lines>
                </class>
                <class name="CA.Assessment.Infrastructure.Repositories.SQLiteCategoriesRepository/&lt;SaveAsync&gt;d__4"
                       filename="CA.Assessment.Infrastructure/Repositories/SQLiteCategoriesRepository.cs"
                       line-rate="0.8095" branch-rate="0.5" complexity="6">
                    <methods>
                        <method name="MoveNext" signature="()" line-rate="0.8095" branch-rate="0.5" complexity="6">
                            <lines>
                                <line number="50" hits="9" branch="False"/>
                                <line number="51" hits="9" branch="True" condition-coverage="50% (1/2)">
                                    <conditions>
                                        <condition number="29" type="jump" coverage="50%"/>
                                    </conditions>
                                </line>
                                <line number="53" hits="9" branch="True" condition-coverage="50% (1/2)">
                                    <conditions>
                                        <condition number="63" type="jump" coverage="50%"/>
                                    </conditions>
                                </line>
                                <line number="54" hits="0" branch="False"/>
                                <line number="55" hits="0" branch="False"/>
                                <line number="57" hits="9" branch="True" condition-coverage="50% (1/2)">
                                    <conditions>
                                        <condition number="97" type="jump" coverage="50%"/>
                                    </conditions>
                                </line>
                                <line number="58" hits="0" branch="False"/>
                                <line number="59" hits="0" branch="False"/>
                                <line number="61" hits="9" branch="False"/>
                                <line number="62" hits="9" branch="False"/>
                                <line number="63" hits="9" branch="False"/>
                                <line number="64" hits="9" branch="False"/>
                                <line number="66" hits="9" branch="False"/>
                                <line number="67" hits="9" branch="False"/>
                                <line number="68" hits="9" branch="False"/>
                                <line number="69" hits="9" branch="False"/>
                                <line number="70" hits="9" branch="False"/>
                                <line number="72" hits="9" branch="False"/>
                                <line number="73" hits="9" branch="False"/>
                                <line number="74" hits="9" branch="False"/>
                                <line number="75" hits="9" branch="False"/>
                            </lines>
                        </method>
                    </methods>
                    <lines>
                        <line number="50" hits="9" branch="False"/>
                        <line number="51" hits="9" branch="True" condition-coverage="50% (1/2)">
                            <conditions>
                                <condition number="29" type="jump" coverage="50%"/>
                            </conditions>
                        </line>
                        <line number="53" hits="9" branch="True" condition-coverage="50% (1/2)">
                            <conditions>
                                <condition number="63" type="jump" coverage="50%"/>
                            </conditions>
                        </line>
                        <line number="54" hits="0" branch="False"/>
                        <line number="55" hits="0" branch="False"/>
                        <line number="57" hits="9" branch="True" condition-coverage="50% (1/2)">
                            <conditions>
                                <condition number="97" type="jump" coverage="50%"/>
                            </conditions>
                        </line>
                        <line number="58" hits="0" branch="False"/>
                        <line number="59" hits="0" branch="False"/>
                        <line number="61" hits="9" branch="False"/>
                        <line number="62" hits="9" branch="False"/>
                        <line number="63" hits="9" branch="False"/>
                        <line number="64" hits="9" branch="False"/>
                        <line number="66" hits="9" branch="False"/>
                        <line number="67" hits="9" branch="False"/>
                        <line number="68" hits="9" branch="False"/>
                        <line number="69" hits="9" branch="False"/>
                        <line number="70" hits="9" branch="False"/>
                        <line number="72" hits="9" branch="False"/>
                        <line number="73" hits="9" branch="False"/>
                        <line number="74" hits="9" branch="False"/>
                        <line number="75" hits="9" branch="False"/>
                    </lines>
                </class>
                <class name="CA.Assessment.Infrastructure.Repositories.SQLiteImagesRepository"
                       filename="CA.Assessment.Infrastructure/Repositories/SQLiteImagesRepository.cs" line-rate="1"
                       branch-rate="0.5" complexity="6">
                    <methods>
                        <method name=".ctor"
                                signature="(CA.Assessment.Store.IDatabaseSession,CA.Assessment.Infrastructure.Images.ImageStore,CA.Assessment.Infrastructure.Mappers.ImageRowsMapper)"
                                line-rate="1" branch-rate="0.5" complexity="6">
                            <lines>
                                <line number="17" hits="1" branch="False"/>
                                <line number="18" hits="1" branch="False"/>
                                <line number="19" hits="1" branch="False"/>
                                <line number="20" hits="1" branch="False"/>
                                <line number="21" hits="1" branch="False"/>
                                <line number="22" hits="1" branch="True" condition-coverage="50% (1/2)">
                                    <conditions>
                                        <condition number="11" type="jump" coverage="50%"/>
                                    </conditions>
                                </line>
                                <line number="23" hits="1" branch="True" condition-coverage="50% (1/2)">
                                    <conditions>
                                        <condition number="33" type="jump" coverage="50%"/>
                                    </conditions>
                                </line>
                                <line number="24" hits="1" branch="True" condition-coverage="50% (1/2)">
                                    <conditions>
                                        <condition number="55" type="jump" coverage="50%"/>
                                    </conditions>
                                </line>
                                <line number="25" hits="1" branch="False"/>
                            </lines>
                        </method>
                    </methods>
                    <lines>
                        <line number="17" hits="1" branch="False"/>
                        <line number="18" hits="1" branch="False"/>
                        <line number="19" hits="1" branch="False"/>
                        <line number="20" hits="1" branch="False"/>
                        <line number="21" hits="1" branch="False"/>
                        <line number="22" hits="1" branch="True" condition-coverage="50% (1/2)">
                            <conditions>
                                <condition number="11" type="jump" coverage="50%"/>
                            </conditions>
                        </line>
                        <line number="23" hits="1" branch="True" condition-coverage="50% (1/2)">
                            <conditions>
                                <condition number="33" type="jump" coverage="50%"/>
                            </conditions>
                        </line>
                        <line number="24" hits="1" branch="True" condition-coverage="50% (1/2)">
                            <conditions>
                                <condition number="55" type="jump" coverage="50%"/>
                            </conditions>
                        </line>
                        <line number="25" hits="1" branch="False"/>
                    </lines>
                </class>
                <class name="CA.Assessment.Infrastructure.Repositories.SQLiteImagesRepository/&lt;GetAsync&gt;d__5"
                       filename="CA.Assessment.Infrastructure/Repositories/SQLiteImagesRepository.cs"
                       line-rate="0.8946999999999999" branch-rate="0.5" complexity="4">
                    <methods>
                        <method name="MoveNext" signature="()" line-rate="0.8946999999999999" branch-rate="0.5"
                                complexity="4">
                            <lines>
                                <line number="59" hits="1" branch="False"/>
                                <line number="60" hits="1" branch="True" condition-coverage="50% (1/2)">
                                    <conditions>
                                        <condition number="50" type="jump" coverage="50%"/>
                                    </conditions>
                                </line>
                                <line number="61" hits="0" branch="False"/>
                                <line number="62" hits="0" branch="False"/>
                                <line number="64" hits="1" branch="False"/>
                                <line number="65" hits="1" branch="False"/>
                                <line number="66" hits="1" branch="False"/>
                                <line number="67" hits="1" branch="False"/>
                                <line number="68" hits="1" branch="False"/>
                                <line number="70" hits="1" branch="False"/>
                                <line number="71" hits="1" branch="False"/>
                                <line number="72" hits="1" branch="False"/>
                                <line number="73" hits="1" branch="False"/>
                                <line number="75" hits="1" branch="False"/>
                                <line number="76" hits="1" branch="False"/>
                                <line number="77" hits="1" branch="False"/>
                                <line number="79" hits="1" branch="True" condition-coverage="50% (1/2)">
                                    <conditions>
                                        <condition number="299" type="jump" coverage="50%"/>
                                    </conditions>
                                </line>
                                <line number="81" hits="1" branch="False"/>
                                <line number="82" hits="1" branch="False"/>
                            </lines>
                        </method>
                    </methods>
                    <lines>
                        <line number="59" hits="1" branch="False"/>
                        <line number="60" hits="1" branch="True" condition-coverage="50% (1/2)">
                            <conditions>
                                <condition number="50" type="jump" coverage="50%"/>
                            </conditions>
                        </line>
                        <line number="61" hits="0" branch="False"/>
                        <line number="62" hits="0" branch="False"/>
                        <line number="64" hits="1" branch="False"/>
                        <line number="65" hits="1" branch="False"/>
                        <line number="66" hits="1" branch="False"/>
                        <line number="67" hits="1" branch="False"/>
                        <line number="68" hits="1" branch="False"/>
                        <line number="70" hits="1" branch="False"/>
                        <line number="71" hits="1" branch="False"/>
                        <line number="72" hits="1" branch="False"/>
                        <line number="73" hits="1" branch="False"/>
                        <line number="75" hits="1" branch="False"/>
[...]
                                <line number="15" hits="495" branch="False"/>
                            </lines>
                        </method>
                        <method name="get_Transaction" signature="()" line-rate="1" branch-rate="1" complexity="1">
                            <lines>
                                <line number="17" hits="394" branch="False"/>
                            </lines>
                        </method>
                        <method name="Dispose" signature="()" line-rate="1" branch-rate="0.5" complexity="4">
                            <lines>
                                <line number="80" hits="69" branch="False"/>
                                <line number="81" hits="69" branch="True" condition-coverage="50% (1/2)">
                                    <conditions>
                                        <condition number="8" type="jump" coverage="50%"/>
                                    </conditions>
                                </line>
                                <line number="82" hits="69" branch="True" condition-coverage="50% (1/2)">
                                    <conditions>
                                        <condition number="26" type="jump" coverage="50%"/>
                                    </conditions>
                                </line>
                                <line number="83" hits="69" branch="False"/>
                            </lines>
                        </method>
                        <method name=".ctor"
                                signature="(CA.Assessment.Application.Factories.IDatabaseConnectionFactory)"
                                line-rate="1" branch-rate="0.5" complexity="2">
                            <lines>
                                <line number="10" hits="8" branch="False"/>
                                <line number="11" hits="8" branch="False"/>
                                <line number="12" hits="8" branch="True" condition-coverage="50% (1/2)">
                                    <conditions>
                                        <condition number="11" type="jump" coverage="50%"/>
                                    </conditions>
                                </line>
                                <line number="13" hits="8" branch="False"/>
                            </lines>
                        </method>
                    </methods>
                    <lines>
                        <line number="15" hits="495" branch="False"/>
                        <line number="17" hits="394" branch="False"/>
                        <line number="80" hits="69" branch="False"/>
                        <line number="81" hits="69" branch="True" condition-coverage="50% (1/2)">
                            <conditions>
                                <condition number="8" type="jump" coverage="50%"/>
                            </conditions>
                        </line>
                        <line number="82" hits="69" branch="True" condition-coverage="50% (1/2)">
                            <conditions>
                                <condition number="26" type="jump" coverage="50%"/>
                            </conditions>
                        </line>
                        <line number="83" hits="69" branch="False"/>
                        <line number="10" hits="8" branch="False"/>
                        <line number="11" hits="8" branch="False"/>
                        <line number="12" hits="8" branch="True" condition-coverage="50% (1/2)">
                            <conditions>
                                <condition number="11" type="jump" coverage="50%"/>
                            </conditions>
                        </line>
                        <line number="13" hits="8" branch="False"/>
                    </lines>
                </class>
                <class name="CA.Assessment.Store.DatabaseSessionManager/&lt;BeginTransactionAsync&gt;d__10"
                       filename="CA.Assessment.Database/DatabaseSessionManager.cs" line-rate="1" branch-rate="0.75"
                       complexity="4">
                    <methods>
                        <method name="MoveNext" signature="()" line-rate="1" branch-rate="0.75" complexity="4">
                            <lines>
                                <line number="20" hits="15" branch="False"/>
                                <line number="21" hits="25" branch="True" condition-coverage="100% (2/2)">
                                    <conditions>
                                        <condition number="56" type="jump" coverage="100%"/>
                                    </conditions>
                                </line>
                                <line number="23" hits="15" branch="True" condition-coverage="50% (1/2)">
                                    <conditions>
                                        <condition number="180" type="jump" coverage="50%"/>
                                    </conditions>
                                </line>
                                <line number="25" hits="15" branch="False"/>
                                <line number="27" hits="15" branch="False"/>
                                <line number="28" hits="15" branch="False"/>
                            </lines>
                        </method>
                    </methods>
                    <lines>
                        <line number="20" hits="15" branch="False"/>
                        <line number="21" hits="25" branch="True" condition-coverage="100% (2/2)">
                            <conditions>
                                <condition number="56" type="jump" coverage="100%"/>
                            </conditions>
                        </line>
                        <line number="23" hits="15" branch="True" condition-coverage="50% (1/2)">
                            <conditions>
                                <condition number="180" type="jump" coverage="50%"/>
                            </conditions>
                        </line>
                        <line number="25" hits="15" branch="False"/>
                        <line number="27" hits="15" branch="False"/>
                        <line number="28" hits="15" branch="False"/>
                    </lines>
                </class>
                <class name="CA.Assessment.Store.DatabaseSessionManager/&lt;CloseConnectionAsync&gt;d__14"
                       filename="CA.Assessment.Database/DatabaseSessionManager.cs" line-rate="1" branch-rate="0.5"
                       complexity="4">
                    <methods>
                        <method name="MoveNext" signature="()" line-rate="1" branch-rate="0.5" complexity="4">
                            <lines>
                                <line number="68" hits="22" branch="False"/>
                                <line number="69" hits="22" branch="True" condition-coverage="50% (1/2)">
                                    <conditions>
                                        <condition number="56" type="jump" coverage="50%"/>
                                    </conditions>
                                </line>
                                <line number="71" hits="22" branch="True" condition-coverage="50% (1/2)">
                                    <conditions>
                                        <condition number="82" type="jump" coverage="50%"/>
                                    </conditions>
                                </line>
                                <line number="73" hits="22" branch="False"/>
                                <line number="74" hits="22" branch="False"/>
                                <line number="76" hits="22" branch="False"/>
                                <line number="77" hits="22" branch="False"/>
                            </lines>
                        </method>
                    </methods>
                    <lines>
                        <line number="68" hits="22" branch="False"/>
                        <line number="69" hits="22" branch="True" condition-coverage="50% (1/2)">
                            <conditions>
                                <condition number="56" type="jump" coverage="50%"/>
                            </conditions>
                        </line>
                        <line number="71" hits="22" branch="True" condition-coverage="50% (1/2)">
                            <conditions>
                                <condition number="82" type="jump" coverage="50%"/>
                            </conditions>
                        </line>
                        <line number="73" hits="22" branch="False"/>
                        <line number="74" hits="22" branch="False"/>
                        <line number="76" hits="22" branch="False"/>
                        <line number="77" hits="22" branch="False"/>
                    </lines>
                </class>
                <class name="CA.Assessment.Store.DatabaseSessionManager/&lt;CommitTransactionAsync&gt;d__11"
                       filename="CA.Assessment.Database/DatabaseSessionManager.cs" line-rate="1" branch-rate="0.5"
                       complexity="4">
                    <methods>
                        <method name="MoveNext" signature="()" line-rate="1" branch-rate="0.5" complexity="4">
                            <lines>
                                <line number="31" hits="15" branch="False"/>
                                <line number="32" hits="15" branch="True" condition-coverage="50% (1/2)">
                                    <conditions>
                                        <condition number="45" type="jump" coverage="50%"/>
                                    </conditions>
                                </line>
                                <line number="34" hits="15" branch="True" condition-coverage="50% (1/2)">
                                    <conditions>
                                        <condition number="68" type="jump" coverage="50%"/>
                                    </conditions>
                                </line>
                                <line number="36" hits="15" branch="False"/>
                                <line number="37" hits="15" branch="False"/>
                                <line number="39" hits="15" branch="False"/>
                                <line number="40" hits="15" branch="False"/>
                            </lines>
                        </method>
                    </methods>
                    <lines>
                        <line number="31" hits="15" branch="False"/>
                        <line number="32" hits="15" branch="True" condition-coverage="50% (1/2)">
                            <conditions>
                                <condition number="45" type="jump" coverage="50%"/>
                            </conditions>
                        </line>
                        <line number="34" hits="15" branch="True" condition-coverage="50% (1/2)">
                            <conditions>
                                <condition number="68" type="jump" coverage="50%"/>
                            </conditions>
                        </line>
                        <line number="36" hits="15" branch="False"/>
                        <line number="37" hits="15" branch="False"/>
                        <line number="39" hits="15" branch="False"/>
                        <line number="40" hits="15" branch="False"/>
                    </lines>
                </class>
                <class name="CA.Assessment.Store.DatabaseSessionManager/&lt;OpenConnectionAsync&gt;d__13"
                       filename="CA.Assessment.Database/DatabaseSessionManager.cs" line-rate="1" branch-rate="0.75"
                       complexity="4">
                    <methods>
                        <method name="MoveNext" signature="()" line-rate="1" branch-rate="0.75" complexity="4">
                            <lines>
                                <line number="55" hits="22" branch="False"/>
                                <line number="56" hits="22" branch="True" condition-coverage="50% (1/2)">
                                    <conditions>
                                        <condition number="59" type="jump" coverage="50%"/>
                                    </conditions>
                                </line>
                                <line number="58" hits="32" branch="True" condition-coverage="100% (2/2)">
                                    <conditions>
                                        <condition number="183" type="jump" coverage="100%"/>
                                    </conditions>
                                </line>
                                <line number="60" hits="22" branch="False"/>
                                <line number="62" hits="22" branch="False"/>
                                <line number="64" hits="22" branch="False"/>
                                <line number="65" hits="22" branch="False"/>
                            </lines>
                        </method>
                    </methods>
                    <lines>
                        <line number="55" hits="22" branch="False"/>
                        <line number="56" hits="22" branch="True" condition-coverage="50% (1/2)">
                            <conditions>
                                <condition number="59" type="jump" coverage="50%"/>
                            </conditions>
                        </line>
                        <line number="58" hits="32" branch="True" condition-coverage="100% (2/2)">
                            <conditions>
                                <condition number="183" type="jump" coverage="100%"/>
                            </conditions>
                        </line>
                        <line number="60" hits="22" branch="False"/>
                        <line number="62" hits="22" branch="False"/>
                        <line number="64" hits="22" branch="False"/>
                        <line number="65" hits="22" branch="False"/>
                    </lines>
                </class>
                <class name="CA.Assessment.Store.DatabaseSessionManager/&lt;RollbackTransactionAsync&gt;d__12"
                       filename="CA.Assessment.Database/DatabaseSessionManager.cs" line-rate="0.5714" branch-rate="0.5"
                       complexity="4">
                    <methods>
                        <method name="MoveNext" signature="()" line-rate="0.5714" branch-rate="0.5" complexity="4">
                            <lines>
                                <line number="43" hits="2" branch="False"/>
                                <line number="44" hits="2" branch="True" condition-coverage="50% (1/2)">
                                    <conditions>
                                        <condition number="45" type="jump" coverage="50%"/>
                                    </conditions>
                                </line>
                                <line number="46" hits="4" branch="True" condition-coverage="50% (1/2)">
                                    <conditions>
                                        <condition number="68" type="jump" coverage="50%"/>
                                    </conditions>
                                </line>
                                <line number="48" hits="0" branch="False"/>
                                <line number="49" hits="0" branch="False"/>
                                <line number="51" hits="0" branch="False"/>
                                <line number="52" hits="2" branch="False"/>
                            </lines>
                        </method>
                    </methods>
                    <lines>
                        <line number="43" hits="2" branch="False"/>
                        <line number="44" hits="2" branch="True" condition-coverage="50% (1/2)">
                            <conditions>
                                <condition number="45" type="jump" coverage="50%"/>
                            </conditions>
                        </line>
                        <line number="46" hits="4" branch="True" condition-coverage="50% (1/2)">
                            <conditions>
                                <condition number="68" type="jump" coverage="50%"/>
                            </conditions>
                        </line>
                        <line number="48" hits="0" branch="False"/>
                        <line number="49" hits="0" branch="False"/>
                        <line number="51" hits="0" branch="False"/>
                        <line number="52" hits="2" branch="False"/>
                    </lines>
                </class>
                <class name="CA.Assessment.Store.Extensions.ServiceCollectionExtensions"
                       filename="CA.Assessment.Database/Extensions/ServiceCollectionExtensions.cs" line-rate="1"
                       branch-rate="0.5" complexity="4">
                    <methods>
                        <method name="AddAssessmentDatabase"
                                signature="(Microsoft.Extensions.DependencyInjection.IServiceCollection,System.String)"
                                line-rate="1" branch-rate="0.5" complexity="4">
                            <lines>
                                <line number="10" hits="8" branch="False"/>
                                <line number="11" hits="8" branch="True" condition-coverage="50% (1/2)">
                                    <conditions>
                                        <condition number="7" type="jump" coverage="50%"/>
                                    </conditions>
                                </line>
                                <line number="12" hits="8" branch="True" condition-coverage="50% (1/2)">
                                    <conditions>
                                        <condition number="26" type="jump" coverage="50%"/>
                                    </conditions>
                                </line>
                                <line number="14" hits="8" branch="False"/>
                                <line number="16" hits="8" branch="False"/>
                                <line number="18" hits="57" branch="False"/>
                                <line number="19" hits="20" branch="False"/>
                                <line number="21" hits="8" branch="False"/>
                                <line number="22" hits="8" branch="False"/>
                            </lines>
                        </method>
                    </methods>
                    <lines>
                        <line number="10" hits="8" branch="False"/>
                        <line number="11" hits="8" branch="True" condition-coverage="50% (1/2)">
                            <conditions>
                                <condition number="7" type="jump" coverage="50%"/>
                            </conditions>
                        </line>
                        <line number="12" hits="8" branch="True" condition-coverage="50% (1/2)">
                            <conditions>
                                <condition number="26" type="jump" coverage="50%"/>
                            </conditions>
                        </line>
                        <line number="14" hits="8" branch="False"/>
                        <line number="16" hits="8" branch="False"/>
                        <line number="18" hits="57" branch="False"/>
                        <line number="19" hits="20" branch="False"/>
                        <line number="21" hits="8" branch="False"/>
                        <line number="22" hits="8" branch="False"/>
                    </lines>
                </class>
            </classes>
        </package>
    </packages>
</coverage>